  FileManagment.cpp
c:\users\eduardo zepeda\source\repos\proyecto2_tdbd\proyecto2_tdbd\filemanagment.cpp(39): warning C4018: '<': signed/unsigned mismatch
c:\users\eduardo zepeda\source\repos\proyecto2_tdbd\proyecto2_tdbd\filemanagment.cpp(84): warning C4244: 'initializing': conversion from 'std::streamoff' to 'int', possible loss of data
c:\users\eduardo zepeda\source\repos\proyecto2_tdbd\proyecto2_tdbd\filemanagment.cpp(111): warning C4244: 'initializing': conversion from 'std::streamoff' to 'int', possible loss of data
c:\users\eduardo zepeda\source\repos\proyecto2_tdbd\proyecto2_tdbd\filemanagment.cpp(175): warning C4018: '<': signed/unsigned mismatch
c:\users\eduardo zepeda\source\repos\proyecto2_tdbd\proyecto2_tdbd\filemanagment.cpp(196): warning C4018: '<': signed/unsigned mismatch
c:\users\eduardo zepeda\source\repos\proyecto2_tdbd\proyecto2_tdbd\filemanagment.cpp(302): warning C4244: 'initializing': conversion from 'std::streamoff' to 'int', possible loss of data
c:\users\eduardo zepeda\source\repos\proyecto2_tdbd\proyecto2_tdbd\filemanagment.cpp(350): warning C4018: '<': signed/unsigned mismatch
c:\users\eduardo zepeda\source\repos\proyecto2_tdbd\proyecto2_tdbd\filemanagment.cpp(372): warning C4018: '<': signed/unsigned mismatch
c:\users\eduardo zepeda\source\repos\proyecto2_tdbd\proyecto2_tdbd\filemanagment.cpp(415): warning C4018: '<': signed/unsigned mismatch
c:\users\eduardo zepeda\source\repos\proyecto2_tdbd\proyecto2_tdbd\filemanagment.cpp(441): warning C4244: 'initializing': conversion from 'std::streamoff' to 'int', possible loss of data
c:\users\eduardo zepeda\source\repos\proyecto2_tdbd\proyecto2_tdbd\filemanagment.cpp(498): warning C4018: '<': signed/unsigned mismatch
c:\users\eduardo zepeda\source\repos\proyecto2_tdbd\proyecto2_tdbd\filemanagment.cpp(510): warning C4018: '<': signed/unsigned mismatch
c:\users\eduardo zepeda\source\repos\proyecto2_tdbd\proyecto2_tdbd\filemanagment.cpp(535): warning C4244: 'initializing': conversion from 'std::streamoff' to 'int', possible loss of data
c:\users\eduardo zepeda\source\repos\proyecto2_tdbd\proyecto2_tdbd\filemanagment.cpp(545): warning C4244: 'initializing': conversion from 'std::streamoff' to 'int', possible loss of data
c:\users\eduardo zepeda\source\repos\proyecto2_tdbd\proyecto2_tdbd\filemanagment.cpp(549): warning C4244: 'initializing': conversion from 'std::streamoff' to 'int', possible loss of data
c:\users\eduardo zepeda\source\repos\proyecto2_tdbd\proyecto2_tdbd\filemanagment.cpp(553): warning C4018: '<': signed/unsigned mismatch
c:\users\eduardo zepeda\source\repos\proyecto2_tdbd\proyecto2_tdbd\filemanagment.cpp(569): warning C4244: 'initializing': conversion from 'std::streamoff' to 'int', possible loss of data
c:\users\eduardo zepeda\source\repos\proyecto2_tdbd\proyecto2_tdbd\filemanagment.cpp(572): warning C4244: 'initializing': conversion from 'std::streamoff' to 'int', possible loss of data
c:\users\eduardo zepeda\source\repos\proyecto2_tdbd\proyecto2_tdbd\filemanagment.cpp(581): warning C4244: 'initializing': conversion from 'std::streamoff' to 'int', possible loss of data
c:\users\eduardo zepeda\source\repos\proyecto2_tdbd\proyecto2_tdbd\filemanagment.cpp(584): warning C4244: 'initializing': conversion from 'std::streamoff' to 'int', possible loss of data
c:\users\eduardo zepeda\source\repos\proyecto2_tdbd\proyecto2_tdbd\filemanagment.cpp(591): warning C4244: 'initializing': conversion from 'std::streamoff' to 'int', possible loss of data
c:\users\eduardo zepeda\source\repos\proyecto2_tdbd\proyecto2_tdbd\filemanagment.cpp(595): warning C4244: 'initializing': conversion from 'std::streamoff' to 'int', possible loss of data
c:\users\eduardo zepeda\source\repos\proyecto2_tdbd\proyecto2_tdbd\filemanagment.cpp(616): warning C4018: '<': signed/unsigned mismatch
c:\users\eduardo zepeda\source\repos\proyecto2_tdbd\proyecto2_tdbd\filemanagment.cpp(624): warning C4554: '|': check operator precedence for possible error; use parentheses to clarify precedence
c:\users\eduardo zepeda\source\repos\proyecto2_tdbd\proyecto2_tdbd\filemanagment.cpp(633): warning C4018: '<': signed/unsigned mismatch
c:\users\eduardo zepeda\source\repos\proyecto2_tdbd\proyecto2_tdbd\filemanagment.cpp(637): warning C4554: '|': check operator precedence for possible error; use parentheses to clarify precedence
c:\users\eduardo zepeda\source\repos\proyecto2_tdbd\proyecto2_tdbd\filemanagment.cpp(664): warning C4244: '=': conversion from 'std::streamoff' to 'int', possible loss of data
c:\users\eduardo zepeda\source\repos\proyecto2_tdbd\proyecto2_tdbd\filemanagment.cpp(703): warning C4244: '=': conversion from 'std::streamoff' to 'int', possible loss of data
c:\users\eduardo zepeda\source\repos\proyecto2_tdbd\proyecto2_tdbd\filemanagment.cpp(731): warning C4244: 'initializing': conversion from 'std::streamoff' to 'int', possible loss of data
c:\users\eduardo zepeda\source\repos\proyecto2_tdbd\proyecto2_tdbd\filemanagment.cpp(737): warning C4244: 'initializing': conversion from 'std::streamoff' to 'int', possible loss of data
c:\users\eduardo zepeda\source\repos\proyecto2_tdbd\proyecto2_tdbd\filemanagment.cpp(769): warning C4244: 'initializing': conversion from 'std::streamoff' to 'int', possible loss of data
c:\users\eduardo zepeda\source\repos\proyecto2_tdbd\proyecto2_tdbd\filemanagment.cpp(781): warning C4244: 'initializing': conversion from 'std::streamoff' to 'int', possible loss of data
c:\users\eduardo zepeda\source\repos\proyecto2_tdbd\proyecto2_tdbd\filemanagment.cpp(786): warning C4244: 'initializing': conversion from 'std::streamoff' to 'int', possible loss of data
c:\users\eduardo zepeda\source\repos\proyecto2_tdbd\proyecto2_tdbd\filemanagment.cpp(810): warning C4305: 'return': truncation from 'int' to 'bool'
c:\users\eduardo zepeda\source\repos\proyecto2_tdbd\proyecto2_tdbd\filemanagment.cpp(831): warning C4018: '<': signed/unsigned mismatch
c:\users\eduardo zepeda\source\repos\proyecto2_tdbd\proyecto2_tdbd\filemanagment.cpp(835): warning C4554: '|': check operator precedence for possible error; use parentheses to clarify precedence
c:\users\eduardo zepeda\source\repos\proyecto2_tdbd\proyecto2_tdbd\filemanagment.cpp(861): warning C4244: 'initializing': conversion from 'std::streamoff' to 'int', possible loss of data
c:\users\eduardo zepeda\source\repos\proyecto2_tdbd\proyecto2_tdbd\filemanagment.cpp(899): warning C4244: 'initializing': conversion from 'std::streamoff' to 'int', possible loss of data
c:\users\eduardo zepeda\source\repos\proyecto2_tdbd\proyecto2_tdbd\filemanagment.cpp(910): warning C4244: 'initializing': conversion from 'std::streamoff' to 'int', possible loss of data
c:\users\eduardo zepeda\source\repos\proyecto2_tdbd\proyecto2_tdbd\filemanagment.cpp(934): warning C4305: 'return': truncation from 'int' to 'bool'
c:\users\eduardo zepeda\source\repos\proyecto2_tdbd\proyecto2_tdbd\filemanagment.cpp(940): warning C4018: '>=': signed/unsigned mismatch
c:\users\eduardo zepeda\source\repos\proyecto2_tdbd\proyecto2_tdbd\filemanagment.cpp(958): warning C4305: 'return': truncation from 'int' to 'bool'
c:\users\eduardo zepeda\source\repos\proyecto2_tdbd\proyecto2_tdbd\filemanagment.cpp(1003): warning C4244: 'initializing': conversion from 'std::streamoff' to 'int', possible loss of data
c:\users\eduardo zepeda\source\repos\proyecto2_tdbd\proyecto2_tdbd\filemanagment.cpp(1011): warning C4244: 'return': conversion from 'std::streamoff' to 'int', possible loss of data
c:\users\eduardo zepeda\source\repos\proyecto2_tdbd\proyecto2_tdbd\filemanagment.cpp(1033): warning C4244: 'initializing': conversion from 'std::streamoff' to 'int', possible loss of data
c:\users\eduardo zepeda\source\repos\proyecto2_tdbd\proyecto2_tdbd\filemanagment.cpp(1114): warning C4305: 'return': truncation from 'int' to 'bool'
c:\users\eduardo zepeda\source\repos\proyecto2_tdbd\proyecto2_tdbd\filemanagment.cpp(1457): warning C4018: '<': signed/unsigned mismatch
c:\users\eduardo zepeda\source\repos\proyecto2_tdbd\proyecto2_tdbd\filemanagment.cpp(950): warning C4715: 'FileManagement::register_count': not all control paths return a value
c:\users\eduardo zepeda\source\repos\proyecto2_tdbd\proyecto2_tdbd\filemanagment.cpp(1014): warning C4715: 'FileManagement::search_freeBlock': not all control paths return a value
  Proyecto2_TDBD.vcxproj -> C:\Users\Eduardo Zepeda\source\repos\Proyecto2_TDBD\Debug\Proyecto2_TDBD.exe
